<?xml version="1.0" encoding="UTF-8"?>
<testsuite name="Default test"
           tests="3"
           failures="1"
           errors="0"
           skipped="2"
           time="-1688044933.061">
    <properties></properties>

            <testcase
                name="lunchBrowser"
                time="13.408"
                classname="songTest.SongRunnerTest">

            <failure type="org.openqa.selenium.NoSuchElementException" message="Unable to find element with locator By.id: username
For documentation on this error, please visit: https://www.selenium.dev/documentation/webdriver/troubleshooting/errors#no-such-element-exception
Build info: version: &apos;4.10.0&apos;, revision: &apos;c14d967899&apos;
System info: os.name: &apos;Mac OS X&apos;, os.arch: &apos;x86_64&apos;, os.version: &apos;12.6&apos;, java.version: &apos;18.0.2.1&apos;
Driver info: driver.version: RemoteWebDriver">
                <![CDATA[org.openqa.selenium.NoSuchElementException: Unable to find element with locator By.id: username
For documentation on this error, please visit: https://www.selenium.dev/documentation/webdriver/troubleshooting/errors#no-such-element-exception
Build info: version: '4.10.0', revision: 'c14d967899'
System info: os.name: 'Mac OS X', os.arch: 'x86_64', os.version: '12.6', java.version: '18.0.2.1'
Driver info: driver.version: RemoteWebDriver
                org.openqa.selenium.remote.ElementLocation$ElementFinder$2.findElement(ElementLocation.java:168)org.openqa.selenium.remote.ElementLocation.findElement(ElementLocation.java:66)org.openqa.selenium.remote.RemoteWebDriver.findElement(RemoteWebDriver.java:350)org.openqa.selenium.remote.RemoteWebDriver.findElement(RemoteWebDriver.java:344)utils.LoginPage.lunchBrowser(LoginPage.java:23)java.base/jdk.internal.reflect.DirectMethodHandleAccessor.invoke(DirectMethodHandleAccessor.java:104)java.base/java.lang.reflect.Method.invoke(Method.java:577)org.testng.internal.MethodInvocationHelper.invokeMethod(MethodInvocationHelper.java:133)org.testng.internal.MethodInvocationHelper.invokeMethodConsideringTimeout(MethodInvocationHelper.java:62)org.testng.internal.ConfigInvoker.invokeConfigurationMethod(ConfigInvoker.java:340)org.testng.internal.ConfigInvoker.invokeConfigurations(ConfigInvoker.java:294)org.testng.internal.TestMethodWorker.invokeBeforeClassMethods(TestMethodWorker.java:176)org.testng.internal.TestMethodWorker.run(TestMethodWorker.java:122)java.base/java.util.ArrayList.forEach(ArrayList.java:1511)org.testng.TestRunner.privateRun(TestRunner.java:770)org.testng.TestRunner.run(TestRunner.java:591)org.testng.SuiteRunner.runTest(SuiteRunner.java:402)org.testng.SuiteRunner.runSequentially(SuiteRunner.java:396)org.testng.SuiteRunner.privateRun(SuiteRunner.java:355)org.testng.SuiteRunner.run(SuiteRunner.java:304)org.testng.SuiteRunnerWorker.runSuite(SuiteRunnerWorker.java:53)org.testng.SuiteRunnerWorker.run(SuiteRunnerWorker.java:96)org.testng.TestNG.runSuitesSequentially(TestNG.java:1180)org.testng.TestNG.runSuitesLocally(TestNG.java:1102)org.testng.TestNG.runSuites(TestNG.java:1032)org.testng.TestNG.run(TestNG.java:1000)org.testng.remote.AbstractRemoteTestNG.run(AbstractRemoteTestNG.java:115)org.testng.remote.RemoteTestNG.initAndRun(RemoteTestNG.java:251)org.testng.remote.RemoteTestNG.main(RemoteTestNG.java:77)
]]>
            </failure>
    </testcase>

            <testcase
                name="Quit"
                time="0.0"
                classname="songTest.SongRunnerTest">
            </testcase>
            <testcase
                name="songTestRun"
                time="0.0"
                classname="songTest.SongRunnerTest">
            </testcase>

</testsuite>
